[debug] > Exec(early(addDefaultCommands), None, None)
[debug] > Exec(addDefaultCommands, None, None)
[debug] > Exec(early(initialize), None, None)
[debug] > Exec(initialize, None, None)
[debug] > Exec(--addPluginSbtFile=C:\Users\Jan\AppData\Local\Temp\idea.sbt, None, None)
[debug] > Exec(addPluginSbtFile=C:\Users\Jan\AppData\Local\Temp\idea.sbt, None, None)
[debug] > Exec(boot, None, None)
[debug] > Exec(writeSbtVersion, None, None)
[debug] > Exec(reload, None, None)
[debug] > Exec(sbtStashOnFailure, None, None)
[debug] > Exec(onFailure loadFailed, None, None)
[debug] > Exec(loadp, None, None)
[info] welcome to sbt 1.4.3 (Oracle Corporation Java 1.8.0_201)
[debug]       Load.loadUnit: plugins took 182.5039ms
[debug]       Load.loadUnit: defsScala took 0.5192ms
[debug] [Loading] Scanning directory C:\Users\Jan\.sbt\1.0\plugins
[debug] [Loading] Found non-root projects 
[debug] [Loading] Done in C:\Users\Jan\.sbt\1.0\plugins, returning: ()
[debug] deducing auto plugins based on known facts Set(Atom(sbt.plugins.CorePlugin)) and clauses Clauses(List(Clause(Atom(sbt.plugins.JvmPlugin),Set(Atom(sbt.plugins.IvyPlugin))), Clause(Atom(sbt.ScriptedPlugin),Set(Atom(sbt.plugins.JvmPlugin))), Clause(Atom(sbt.plugins.SbtPlugin),Set(Atom(sbt.ScriptedPlugin))), Clause(Atom(sbt.plugins.SemanticdbPlugin),Set(Atom(sbt.plugins.JvmPlugin))), Clause(Atom(sbt.plugins.JUnitXmlReportPlugin),Set(Atom(sbt.plugins.JvmPlugin))), Clause(Atom(sbt.plugins.MiniDependencyTreePlugin),Set(Atom(sbt.plugins.JvmPlugin))), Clause(Atom(sbt.plugins.CorePlugin),Set(Atom(sbt.plugins.IvyPlugin))), Clause(Atom(sbt.plugins.IvyPlugin),Set(Atom(sbt.plugins.JvmPlugin))), Clause(Atom(sbt.plugins.JvmPlugin),Set(Atom(sbt.plugins.SemanticdbPlugin))), Clause(Atom(sbt.plugins.JvmPlugin),Set(Atom(sbt.plugins.JUnitXmlReportPlugin))), Clause(Atom(sbt.plugins.CorePlugin),Set(Atom(sbt.plugins.Giter8TemplatePlugin))), Clause(Atom(sbt.plugins.JvmPlugin),Set(Atom(sbt.plugins.MiniDependencyTreePlugin)))))
[debug]   :: deduced result: Matched(sbt.plugins.CorePlugin,sbt.plugins.Giter8TemplatePlugin,sbt.plugins.IvyPlugin,sbt.plugins.JvmPlugin,sbt.plugins.MiniDependencyTreePlugin,sbt.plugins.JUnitXmlReportPlugin,sbt.plugins.SemanticdbPlugin)
[debug] Plugins.deducer#function took 28.486 ms
[debug]           Load.resolveProject(global-plugins) took 63.018ms
[debug]         Load.loadTransitive: finalizeProject(Project(id global-plugins, base: C:\Users\Jan\.sbt\1.0\plugins, plugins: List(<none>))) took 122.407ms
[debug] [Loading] Done in C:\Users\Jan\.sbt\1.0\plugins, returning: (global-plugins)
[debug]       Load.loadUnit: loadedProjectsRaw took 151.8541ms
[debug]       Load.loadUnit: cleanEvalClasses took 0.3036ms
[debug]     Load.loadUnit(file:/C:/Users/Jan/.sbt/1.0/plugins/, ...) took 345.4317ms
[debug]   Load.apply: load took 588.3216ms
[debug]   Load.apply: resolveProjects took 9.123ms
[debug]   Load.apply: finalTransforms took 73.4828ms
[debug]   Load.apply: config.delegates took 11.229ms
[debug]   Load.apply: Def.make(settings)... took 2255.3362ms
[debug]   Load.apply: structureIndex took 154.4147ms
[debug]   Load.apply: mkStreams took 1.9075ms
[info] loading global plugins from C:\Users\Jan\.sbt\1.0\plugins
[debug] Running task... Cancel: Signal, check cycles: false, forcegc: true
[debug] Load.defaultLoad until apply took 33798.3768ms
[debug]           Load.loadUnit: plugins took 83.9859ms
[debug]           Load.loadUnit: defsScala took 0.0036ms
[debug] [Loading] Scanning directory C:\Users\Jan\Repos\Contest Manager\project
[debug]             Load.loadUnit: mkEval took 22.752ms
[debug] [Loading] Found non-root projects 
[debug] [Loading] Done in C:\Users\Jan\Repos\Contest Manager\project, returning: ()
[debug] deducing auto plugins based on known facts Set(Atom(sbt.plugins.CorePlugin)) and clauses Clauses(List(Clause(Atom(sbt.plugins.JvmPlugin),Set(Atom(sbt.plugins.IvyPlugin))), Clause(Atom(sbt.ScriptedPlugin),Set(Atom(sbt.plugins.JvmPlugin))), Clause(Atom(sbt.plugins.SbtPlugin),Set(Atom(sbt.ScriptedPlugin))), Clause(Atom(sbt.plugins.SemanticdbPlugin),Set(Atom(sbt.plugins.JvmPlugin))), Clause(Atom(sbt.plugins.JUnitXmlReportPlugin),Set(Atom(sbt.plugins.JvmPlugin))), Clause(Atom(sbt.plugins.MiniDependencyTreePlugin),Set(Atom(sbt.plugins.JvmPlugin))), Clause(Atom(sbt.plugins.CorePlugin),Set(Atom(sbt.plugins.IvyPlugin))), Clause(Atom(sbt.plugins.IvyPlugin),Set(Atom(sbt.plugins.JvmPlugin))), Clause(Atom(sbt.plugins.JvmPlugin),Set(Atom(sbt.plugins.SemanticdbPlugin))), Clause(Atom(sbt.plugins.JvmPlugin),Set(Atom(sbt.plugins.JUnitXmlReportPlugin))), Clause(Atom(sbt.plugins.CorePlugin),Set(Atom(sbt.plugins.Giter8TemplatePlugin))), Clause(Atom(sbt.plugins.JvmPlugin),Set(Atom(sbt.plugins.MiniDependencyTreePlugin)))))
[debug]   :: deduced result: Matched(sbt.plugins.CorePlugin,sbt.plugins.Giter8TemplatePlugin,sbt.plugins.IvyPlugin,sbt.plugins.JvmPlugin,sbt.plugins.MiniDependencyTreePlugin,sbt.plugins.JUnitXmlReportPlugin,sbt.plugins.SemanticdbPlugin)
[debug] Plugins.deducer#function took 1.5415 ms
[info] loading settings for project contest-manager-build from idea.sbt ...
[debug]               Load.resolveProject(contest-manager-build) took 7.2739ms
[debug]             Load.loadTransitive: finalizeProject(Project(id contest-manager-build, base: C:\Users\Jan\Repos\Contest Manager\project, plugins: List(<none>))) took 9.2886ms
[debug] [Loading] Done in C:\Users\Jan\Repos\Contest Manager\project, returning: (contest-manager-build)
[debug]           Load.loadUnit: loadedProjectsRaw took 5258.2539ms
[debug]           Load.loadUnit: cleanEvalClasses took 8.4223ms
[debug]         Load.loadUnit(file:/C:/Users/Jan/Repos/Contest%20Manager/project/, ...) took 5352.3402ms
[debug]       Load.apply: load took 5360.9525ms
[debug]       Load.apply: resolveProjects took 0.1454ms
[debug]       Load.apply: finalTransforms took 14.2474ms
[debug]       Load.apply: config.delegates took 0.3295ms
[debug]       Load.apply: Def.make(settings)... took 200.0175ms
[debug]       Load.apply: structureIndex took 22.7533ms
[debug]       Load.apply: mkStreams took 0.0027ms
[info] loading project definition from C:\Users\Jan\Repos\Contest Manager\project
[debug] Running task... Cancel: Signal, check cycles: false, forcegc: true
[debug]     Load.loadUnit: plugins took 8343.7022ms
[debug]     Load.loadUnit: defsScala took 0.0031ms
[debug] [Loading] Scanning directory C:\Users\Jan\Repos\Contest Manager
[debug]       Load.loadUnit: mkEval took 2.8245ms
[debug] [Loading] Found non-root projects 
[debug] [Loading] Done in C:\Users\Jan\Repos\Contest Manager, returning: ()
[debug] deducing auto plugins based on known facts Set(Atom(sbt.plugins.CorePlugin)) and clauses Clauses(List(Clause(Atom(sbt.plugins.JvmPlugin),Set(Atom(sbt.plugins.IvyPlugin))), Clause(Atom(sbt.ScriptedPlugin),Set(Atom(sbt.plugins.JvmPlugin))), Clause(Atom(sbt.plugins.SbtPlugin),Set(Atom(sbt.ScriptedPlugin))), Clause(Atom(sbt.plugins.SemanticdbPlugin),Set(Atom(sbt.plugins.JvmPlugin))), Clause(Atom(sbt.plugins.JUnitXmlReportPlugin),Set(Atom(sbt.plugins.JvmPlugin))), Clause(Atom(sbt.plugins.MiniDependencyTreePlugin),Set(Atom(sbt.plugins.JvmPlugin))), Clause(Atom(org.jetbrains.sbt.StructurePlugin),Set(Atom(sbt.plugins.JvmPlugin))), Clause(Atom(org.jetbrains.sbt.IdeaShellPlugin),Set(Atom(sbt.plugins.JvmPlugin))), Clause(Atom(org.jetbrains.sbt.indices.SbtIntellijIndicesPlugin),Set(Atom(sbt.plugins.JvmPlugin))), Clause(Atom(sbt.plugins.CorePlugin),Set(Atom(sbt.plugins.IvyPlugin))), Clause(Atom(sbt.plugins.IvyPlugin),Set(Atom(sbt.plugins.JvmPlugin))), Clause(Atom(sbt.plugins.JvmPlugin),Set(Atom(sbt.plugins.SemanticdbPlugin))), Clause(Atom(sbt.plugins.JvmPlugin),Set(Atom(sbt.plugins.JUnitXmlReportPlugin))), Clause(Atom(sbt.plugins.CorePlugin),Set(Atom(sbt.plugins.Giter8TemplatePlugin))), Clause(Atom(sbt.plugins.JvmPlugin),Set(Atom(sbt.plugins.MiniDependencyTreePlugin))), Clause(Atom(sbt.plugins.JvmPlugin),Set(Atom(org.jetbrains.sbt.StructurePlugin))), Clause(Atom(sbt.plugins.JvmPlugin),Set(Atom(org.jetbrains.sbt.IdeaShellPlugin))), Clause(And(Set(Atom(sbt.plugins.CorePlugin), Atom(sbt.plugins.JvmPlugin))),Set(Atom(org.jetbrains.sbt.indices.SbtIntellijIndicesPlugin)))))
[debug]   :: deduced result: Matched(sbt.plugins.CorePlugin,sbt.plugins.Giter8TemplatePlugin,sbt.plugins.IvyPlugin,sbt.plugins.JvmPlugin,sbt.plugins.SemanticdbPlugin,org.jetbrains.sbt.indices.SbtIntellijIndicesPlugin,sbt.plugins.JUnitXmlReportPlugin,org.jetbrains.sbt.IdeaShellPlugin,org.jetbrains.sbt.StructurePlugin,sbt.plugins.MiniDependencyTreePlugin)
[debug] Plugins.deducer#function took 3.0289 ms
[info] loading settings for project contest-manager from build.sbt ...
[debug]         Load.resolveProject(contest-manager) took 82.3666ms
[debug]       Load.loadTransitive: finalizeProject(Project(id contest-manager, base: C:\Users\Jan\Repos\Contest Manager, plugins: List(<none>))) took 86.6043ms
[debug] [Loading] Done in C:\Users\Jan\Repos\Contest Manager, returning: (contest-manager)
[debug]     Load.loadUnit: loadedProjectsRaw took 3402.9225ms
[debug]     Load.loadUnit: cleanEvalClasses took 188.1919ms
[debug]   Load.loadUnit(file:/C:/Users/Jan/Repos/Contest%20Manager/, ...) took 11938.9444ms
[debug] Load.apply: load took 11942.6947ms
[debug] Load.apply: resolveProjects took 0.1208ms
[debug] Load.apply: finalTransforms took 39.6568ms
[debug] Load.apply: config.delegates took 0.2913ms
[debug] Load.apply: Def.make(settings)... took 221.5321ms
[debug] Load.apply: structureIndex took 21.5423ms
[debug] Load.apply: mkStreams took 0.0025ms
[info] set current project to Contest Manager (in build file:/C:/Users/Jan/Repos/Contest%20Manager/)
[debug] > Exec(sbtPopOnFailure, None, None)
[debug] > Exec(resumeFromFailure, None, None)
[debug] > Exec(notifyUsersAboutShell, None, None)
[debug] > Exec(iflast shell, None, None)
[debug] > Exec(; set ideaPort in Global := 57822 ; idea-shell, None, None)
[debug] > Exec(set ideaPort in Global := 57822, None, None)
[info] Defining Global / ideaPort
[info] The new value will be used by Compile / compile, Test / compile
[debug] Defining 
[debug] 	Global / ideaPort
[debug] 
[debug] The new value will be used by 
[debug] 	Compile / compile
[debug] 	Test / compile
[info] Reapplying settings...
[info] set current project to Contest Manager (in build file:/C:/Users/Jan/Repos/Contest%20Manager/)
[debug] > Exec(idea-shell, None, None)
